/*C14*/SET SCHEMA PUBLIC
DISCONNECT
/*C3*/SET SCHEMA PUBLIC
DELETE FROM TASKS_AUX_WORKERS WHERE ID=0 AND RANGES='0, 1000' AND HEALTH_CHECK='2022-09-23 11:21:25.072000' AND EXCLUSIVE_MODE=0 AND NODE_GROUPS='' AND IS_ACTIVE=1
INSERT INTO TASKS_AUX_WORKERS VALUES(0,'0, 1000','2022-09-23 11:23:06.609000',0,'',1)
COMMIT
DELETE FROM TASKS_AUX_SCHEDULER WHERE ID='scheduler' AND LAST_ACTIVITY_TS='2022-09-23 11:21:25.072' AND VERSION=4
INSERT INTO TASKS_AUX_SCHEDULER VALUES('scheduler','2022-09-23 11:23:06.666',4)
COMMIT
DELETE FROM TASKS_AUX_WORKERS WHERE ID=0 AND RANGES='0, 1000' AND HEALTH_CHECK='2022-09-23 11:23:06.609000' AND EXCLUSIVE_MODE=0 AND NODE_GROUPS='' AND IS_ACTIVE=1
INSERT INTO TASKS_AUX_WORKERS VALUES(0,'0, 1000','2022-09-23 11:23:06.609000',0,'',1)
COMMIT
DELETE FROM TASKS_AUX_WORKERS WHERE ID=0 AND RANGES='0, 1000' AND HEALTH_CHECK='2022-09-23 11:23:06.609000' AND EXCLUSIVE_MODE=0 AND NODE_GROUPS='' AND IS_ACTIVE=1
INSERT INTO TASKS_AUX_WORKERS VALUES(0,'0, 1000','2022-09-23 11:23:17.207000',0,'',1)
COMMIT
DELETE FROM TASKS_AUX_SCHEDULER WHERE ID='scheduler' AND LAST_ACTIVITY_TS='2022-09-23 11:23:06.666' AND VERSION=4
INSERT INTO TASKS_AUX_SCHEDULER VALUES('scheduler','2022-09-23 11:23:17.209',4)
COMMIT
DELETE FROM TASKS_AUX_WORKERS WHERE ID=0 AND RANGES='0, 1000' AND HEALTH_CHECK='2022-09-23 11:23:17.207000' AND EXCLUSIVE_MODE=0 AND NODE_GROUPS='' AND IS_ACTIVE=1
INSERT INTO TASKS_AUX_WORKERS VALUES(0,'0, 1000','2022-09-23 11:23:17.207000',0,'',1)
COMMIT
DELETE FROM TASKS_AUX_WORKERS WHERE ID=0 AND RANGES='0, 1000' AND HEALTH_CHECK='2022-09-23 11:23:17.207000' AND EXCLUSIVE_MODE=0 AND NODE_GROUPS='' AND IS_ACTIVE=1
INSERT INTO TASKS_AUX_WORKERS VALUES(0,'0, 1000','2022-09-23 11:23:27.240000',0,'',1)
COMMIT
DELETE FROM TASKS_AUX_SCHEDULER WHERE ID='scheduler' AND LAST_ACTIVITY_TS='2022-09-23 11:23:17.209' AND VERSION=4
INSERT INTO TASKS_AUX_SCHEDULER VALUES('scheduler','2022-09-23 11:23:27.241',4)
COMMIT
DELETE FROM TASKS_AUX_WORKERS WHERE ID=0 AND RANGES='0, 1000' AND HEALTH_CHECK='2022-09-23 11:23:27.240000' AND EXCLUSIVE_MODE=0 AND NODE_GROUPS='' AND IS_ACTIVE=1
INSERT INTO TASKS_AUX_WORKERS VALUES(0,'0, 1000','2022-09-23 11:23:27.240000',0,'',1)
COMMIT
DELETE FROM TASKS_AUX_WORKERS WHERE ID=0 AND RANGES='0, 1000' AND HEALTH_CHECK='2022-09-23 11:23:27.240000' AND EXCLUSIVE_MODE=0 AND NODE_GROUPS='' AND IS_ACTIVE=1
INSERT INTO TASKS_AUX_WORKERS VALUES(0,'0, 1000','2022-09-23 11:23:37.251000',0,'',1)
COMMIT
DELETE FROM TASKS_AUX_SCHEDULER WHERE ID='scheduler' AND LAST_ACTIVITY_TS='2022-09-23 11:23:27.241' AND VERSION=4
INSERT INTO TASKS_AUX_SCHEDULER VALUES('scheduler','2022-09-23 11:23:37.252',4)
COMMIT
DELETE FROM TASKS_AUX_WORKERS WHERE ID=0 AND RANGES='0, 1000' AND HEALTH_CHECK='2022-09-23 11:23:37.251000' AND EXCLUSIVE_MODE=0 AND NODE_GROUPS='' AND IS_ACTIVE=1
INSERT INTO TASKS_AUX_WORKERS VALUES(0,'0, 1000','2022-09-23 11:23:37.251000',0,'',1)
COMMIT
DELETE FROM TASKS_AUX_WORKERS WHERE ID=0 AND RANGES='0, 1000' AND HEALTH_CHECK='2022-09-23 11:23:37.251000' AND EXCLUSIVE_MODE=0 AND NODE_GROUPS='' AND IS_ACTIVE=1
INSERT INTO TASKS_AUX_WORKERS VALUES(0,'0, 1000','2022-09-23 11:23:47.261000',0,'',1)
COMMIT
DELETE FROM TASKS_AUX_SCHEDULER WHERE ID='scheduler' AND LAST_ACTIVITY_TS='2022-09-23 11:23:37.252' AND VERSION=4
INSERT INTO TASKS_AUX_SCHEDULER VALUES('scheduler','2022-09-23 11:23:47.263',4)
COMMIT
DELETE FROM TASKS_AUX_WORKERS WHERE ID=0 AND RANGES='0, 1000' AND HEALTH_CHECK='2022-09-23 11:23:47.261000' AND EXCLUSIVE_MODE=0 AND NODE_GROUPS='' AND IS_ACTIVE=1
INSERT INTO TASKS_AUX_WORKERS VALUES(0,'0, 1000','2022-09-23 11:23:47.261000',0,'',1)
COMMIT
DELETE FROM TASKS_AUX_WORKERS WHERE ID=0 AND RANGES='0, 1000' AND HEALTH_CHECK='2022-09-23 11:23:47.261000' AND EXCLUSIVE_MODE=0 AND NODE_GROUPS='' AND IS_ACTIVE=1
INSERT INTO TASKS_AUX_WORKERS VALUES(0,'0, 1000','2022-09-23 11:23:57.275000',0,'',1)
COMMIT
DELETE FROM TASKS_AUX_SCHEDULER WHERE ID='scheduler' AND LAST_ACTIVITY_TS='2022-09-23 11:23:47.263' AND VERSION=4
INSERT INTO TASKS_AUX_SCHEDULER VALUES('scheduler','2022-09-23 11:23:57.276',4)
COMMIT
DELETE FROM TASKS_AUX_WORKERS WHERE ID=0 AND RANGES='0, 1000' AND HEALTH_CHECK='2022-09-23 11:23:57.275000' AND EXCLUSIVE_MODE=0 AND NODE_GROUPS='' AND IS_ACTIVE=1
INSERT INTO TASKS_AUX_WORKERS VALUES(0,'0, 1000','2022-09-23 11:23:57.275000',0,'',1)
COMMIT
DELETE FROM TASKS_AUX_WORKERS WHERE ID=0 AND RANGES='0, 1000' AND HEALTH_CHECK='2022-09-23 11:23:57.275000' AND EXCLUSIVE_MODE=0 AND NODE_GROUPS='' AND IS_ACTIVE=1
INSERT INTO TASKS_AUX_WORKERS VALUES(0,'0, 1000','2022-09-23 11:24:07.287000',0,'',1)
COMMIT
DELETE FROM TASKS_AUX_SCHEDULER WHERE ID='scheduler' AND LAST_ACTIVITY_TS='2022-09-23 11:23:57.276' AND VERSION=4
INSERT INTO TASKS_AUX_SCHEDULER VALUES('scheduler','2022-09-23 11:24:07.288',4)
COMMIT
DELETE FROM TASKS_AUX_WORKERS WHERE ID=0 AND RANGES='0, 1000' AND HEALTH_CHECK='2022-09-23 11:24:07.287000' AND EXCLUSIVE_MODE=0 AND NODE_GROUPS='' AND IS_ACTIVE=1
INSERT INTO TASKS_AUX_WORKERS VALUES(0,'0, 1000','2022-09-23 11:24:07.287000',0,'',1)
COMMIT
DELETE FROM TASKS_AUX_WORKERS WHERE ID=0 AND RANGES='0, 1000' AND HEALTH_CHECK='2022-09-23 11:24:07.287000' AND EXCLUSIVE_MODE=0 AND NODE_GROUPS='' AND IS_ACTIVE=1
INSERT INTO TASKS_AUX_WORKERS VALUES(0,'0, 1000','2022-09-23 11:24:17.305000',0,'',1)
COMMIT
DELETE FROM TASKS_AUX_SCHEDULER WHERE ID='scheduler' AND LAST_ACTIVITY_TS='2022-09-23 11:24:07.288' AND VERSION=4
INSERT INTO TASKS_AUX_SCHEDULER VALUES('scheduler','2022-09-23 11:24:17.306',4)
COMMIT
DELETE FROM TASKS_AUX_WORKERS WHERE ID=0 AND RANGES='0, 1000' AND HEALTH_CHECK='2022-09-23 11:24:17.305000' AND EXCLUSIVE_MODE=0 AND NODE_GROUPS='' AND IS_ACTIVE=1
INSERT INTO TASKS_AUX_WORKERS VALUES(0,'0, 1000','2022-09-23 11:24:17.305000',0,'',1)
COMMIT
DELETE FROM TASKS_AUX_WORKERS WHERE ID=0 AND RANGES='0, 1000' AND HEALTH_CHECK='2022-09-23 11:24:17.305000' AND EXCLUSIVE_MODE=0 AND NODE_GROUPS='' AND IS_ACTIVE=1
INSERT INTO TASKS_AUX_WORKERS VALUES(0,'0, 1000','2022-09-23 11:24:27.317000',0,'',1)
COMMIT
DELETE FROM TASKS_AUX_SCHEDULER WHERE ID='scheduler' AND LAST_ACTIVITY_TS='2022-09-23 11:24:17.306' AND VERSION=4
INSERT INTO TASKS_AUX_SCHEDULER VALUES('scheduler','2022-09-23 11:24:27.317',4)
COMMIT
DELETE FROM TASKS_AUX_WORKERS WHERE ID=0 AND RANGES='0, 1000' AND HEALTH_CHECK='2022-09-23 11:24:27.317000' AND EXCLUSIVE_MODE=0 AND NODE_GROUPS='' AND IS_ACTIVE=1
INSERT INTO TASKS_AUX_WORKERS VALUES(0,'0, 1000','2022-09-23 11:24:27.317000',0,'',1)
COMMIT
DELETE FROM TASKS_AUX_WORKERS WHERE ID=0 AND RANGES='0, 1000' AND HEALTH_CHECK='2022-09-23 11:24:27.317000' AND EXCLUSIVE_MODE=0 AND NODE_GROUPS='' AND IS_ACTIVE=1
INSERT INTO TASKS_AUX_WORKERS VALUES(0,'0, 1000','2022-09-23 11:24:37.323000',0,'',1)
COMMIT
DELETE FROM TASKS_AUX_SCHEDULER WHERE ID='scheduler' AND LAST_ACTIVITY_TS='2022-09-23 11:24:27.317' AND VERSION=4
INSERT INTO TASKS_AUX_SCHEDULER VALUES('scheduler','2022-09-23 11:24:37.324',4)
COMMIT
DELETE FROM TASKS_AUX_WORKERS WHERE ID=0 AND RANGES='0, 1000' AND HEALTH_CHECK='2022-09-23 11:24:37.323000' AND EXCLUSIVE_MODE=0 AND NODE_GROUPS='' AND IS_ACTIVE=1
INSERT INTO TASKS_AUX_WORKERS VALUES(0,'0, 1000','2022-09-23 11:24:37.323000',0,'',1)
COMMIT
DELETE FROM TASKS_AUX_WORKERS WHERE ID=0 AND RANGES='0, 1000' AND HEALTH_CHECK='2022-09-23 11:24:37.323000' AND EXCLUSIVE_MODE=0 AND NODE_GROUPS='' AND IS_ACTIVE=1
INSERT INTO TASKS_AUX_WORKERS VALUES(0,'0, 1000','2022-09-23 11:24:47.340000',0,'',1)
COMMIT
DELETE FROM TASKS_AUX_SCHEDULER WHERE ID='scheduler' AND LAST_ACTIVITY_TS='2022-09-23 11:24:37.324' AND VERSION=4
INSERT INTO TASKS_AUX_SCHEDULER VALUES('scheduler','2022-09-23 11:24:47.341',4)
COMMIT
DELETE FROM TASKS_AUX_WORKERS WHERE ID=0 AND RANGES='0, 1000' AND HEALTH_CHECK='2022-09-23 11:24:47.340000' AND EXCLUSIVE_MODE=0 AND NODE_GROUPS='' AND IS_ACTIVE=1
INSERT INTO TASKS_AUX_WORKERS VALUES(0,'0, 1000','2022-09-23 11:24:47.340000',0,'',1)
COMMIT
DELETE FROM TASKS_AUX_WORKERS WHERE ID=0 AND RANGES='0, 1000' AND HEALTH_CHECK='2022-09-23 11:24:47.340000' AND EXCLUSIVE_MODE=0 AND NODE_GROUPS='' AND IS_ACTIVE=1
INSERT INTO TASKS_AUX_WORKERS VALUES(0,'0, 1000','2022-09-23 11:24:57.352000',0,'',1)
COMMIT
DELETE FROM TASKS_AUX_SCHEDULER WHERE ID='scheduler' AND LAST_ACTIVITY_TS='2022-09-23 11:24:47.341' AND VERSION=4
INSERT INTO TASKS_AUX_SCHEDULER VALUES('scheduler','2022-09-23 11:24:57.353',4)
COMMIT
DELETE FROM TASKS_AUX_WORKERS WHERE ID=0 AND RANGES='0, 1000' AND HEALTH_CHECK='2022-09-23 11:24:57.352000' AND EXCLUSIVE_MODE=0 AND NODE_GROUPS='' AND IS_ACTIVE=1
INSERT INTO TASKS_AUX_WORKERS VALUES(0,'0, 1000','2022-09-23 11:24:57.352000',0,'',1)
COMMIT
DELETE FROM TASKS_AUX_WORKERS WHERE ID=0 AND RANGES='0, 1000' AND HEALTH_CHECK='2022-09-23 11:24:57.352000' AND EXCLUSIVE_MODE=0 AND NODE_GROUPS='' AND IS_ACTIVE=1
INSERT INTO TASKS_AUX_WORKERS VALUES(0,'0, 1000','2022-09-23 11:25:07.370000',0,'',1)
COMMIT
DELETE FROM TASKS_AUX_SCHEDULER WHERE ID='scheduler' AND LAST_ACTIVITY_TS='2022-09-23 11:24:57.353' AND VERSION=4
INSERT INTO TASKS_AUX_SCHEDULER VALUES('scheduler','2022-09-23 11:25:07.370',4)
COMMIT
DELETE FROM TASKS_AUX_WORKERS WHERE ID=0 AND RANGES='0, 1000' AND HEALTH_CHECK='2022-09-23 11:25:07.370000' AND EXCLUSIVE_MODE=0 AND NODE_GROUPS='' AND IS_ACTIVE=1
INSERT INTO TASKS_AUX_WORKERS VALUES(0,'0, 1000','2022-09-23 11:25:07.370000',0,'',1)
COMMIT
DELETE FROM TASKS_AUX_WORKERS WHERE ID=0 AND RANGES='0, 1000' AND HEALTH_CHECK='2022-09-23 11:25:07.370000' AND EXCLUSIVE_MODE=0 AND NODE_GROUPS='' AND IS_ACTIVE=1
INSERT INTO TASKS_AUX_WORKERS VALUES(0,'0, 1000','2022-09-23 11:25:17.387000',0,'',1)
COMMIT
DELETE FROM TASKS_AUX_SCHEDULER WHERE ID='scheduler' AND LAST_ACTIVITY_TS='2022-09-23 11:25:07.370' AND VERSION=4
INSERT INTO TASKS_AUX_SCHEDULER VALUES('scheduler','2022-09-23 11:25:17.388',4)
COMMIT
DELETE FROM TASKS_AUX_WORKERS WHERE ID=0 AND RANGES='0, 1000' AND HEALTH_CHECK='2022-09-23 11:25:17.387000' AND EXCLUSIVE_MODE=0 AND NODE_GROUPS='' AND IS_ACTIVE=1
INSERT INTO TASKS_AUX_WORKERS VALUES(0,'0, 1000','2022-09-23 11:25:17.387000',0,'',1)
COMMIT
DELETE FROM TASKS_AUX_WORKERS WHERE ID=0 AND RANGES='0, 1000' AND HEALTH_CHECK='2022-09-23 11:25:17.387000' AND EXCLUSIVE_MODE=0 AND NODE_GROUPS='' AND IS_ACTIVE=1
INSERT INTO TASKS_AUX_WORKERS VALUES(0,'0, 1000','2022-09-23 11:25:27.395000',0,'',1)
COMMIT
DELETE FROM TASKS_AUX_SCHEDULER WHERE ID='scheduler' AND LAST_ACTIVITY_TS='2022-09-23 11:25:17.388' AND VERSION=4
INSERT INTO TASKS_AUX_SCHEDULER VALUES('scheduler','2022-09-23 11:25:27.396',4)
COMMIT
DELETE FROM TASKS_AUX_WORKERS WHERE ID=0 AND RANGES='0, 1000' AND HEALTH_CHECK='2022-09-23 11:25:27.395000' AND EXCLUSIVE_MODE=0 AND NODE_GROUPS='' AND IS_ACTIVE=1
INSERT INTO TASKS_AUX_WORKERS VALUES(0,'0, 1000','2022-09-23 11:25:27.395000',0,'',1)
COMMIT
DELETE FROM TASKS_AUX_WORKERS WHERE ID=0 AND RANGES='0, 1000' AND HEALTH_CHECK='2022-09-23 11:25:27.395000' AND EXCLUSIVE_MODE=0 AND NODE_GROUPS='' AND IS_ACTIVE=1
INSERT INTO TASKS_AUX_WORKERS VALUES(0,'0, 1000','2022-09-23 11:25:37.401000',0,'',1)
COMMIT
DELETE FROM TASKS_AUX_SCHEDULER WHERE ID='scheduler' AND LAST_ACTIVITY_TS='2022-09-23 11:25:27.396' AND VERSION=4
INSERT INTO TASKS_AUX_SCHEDULER VALUES('scheduler','2022-09-23 11:25:37.402',4)
COMMIT
DELETE FROM TASKS_AUX_WORKERS WHERE ID=0 AND RANGES='0, 1000' AND HEALTH_CHECK='2022-09-23 11:25:37.401000' AND EXCLUSIVE_MODE=0 AND NODE_GROUPS='' AND IS_ACTIVE=1
INSERT INTO TASKS_AUX_WORKERS VALUES(0,'0, 1000','2022-09-23 11:25:37.401000',0,'',1)
COMMIT
DELETE FROM TASKS_AUX_WORKERS WHERE ID=0 AND RANGES='0, 1000' AND HEALTH_CHECK='2022-09-23 11:25:37.401000' AND EXCLUSIVE_MODE=0 AND NODE_GROUPS='' AND IS_ACTIVE=1
INSERT INTO TASKS_AUX_WORKERS VALUES(0,'0, 1000','2022-09-23 11:25:47.415000',0,'',1)
COMMIT
DELETE FROM TASKS_AUX_SCHEDULER WHERE ID='scheduler' AND LAST_ACTIVITY_TS='2022-09-23 11:25:37.402' AND VERSION=4
INSERT INTO TASKS_AUX_SCHEDULER VALUES('scheduler','2022-09-23 11:25:47.415',4)
COMMIT
DELETE FROM TASKS_AUX_WORKERS WHERE ID=0 AND RANGES='0, 1000' AND HEALTH_CHECK='2022-09-23 11:25:47.415000' AND EXCLUSIVE_MODE=0 AND NODE_GROUPS='' AND IS_ACTIVE=1
INSERT INTO TASKS_AUX_WORKERS VALUES(0,'0, 1000','2022-09-23 11:25:47.415000',0,'',1)
COMMIT
DELETE FROM TASKS_AUX_WORKERS WHERE ID=0 AND RANGES='0, 1000' AND HEALTH_CHECK='2022-09-23 11:25:47.415000' AND EXCLUSIVE_MODE=0 AND NODE_GROUPS='' AND IS_ACTIVE=1
INSERT INTO TASKS_AUX_WORKERS VALUES(0,'0, 1000','2022-09-23 11:25:57.435000',0,'',1)
COMMIT
DELETE FROM TASKS_AUX_SCHEDULER WHERE ID='scheduler' AND LAST_ACTIVITY_TS='2022-09-23 11:25:47.415' AND VERSION=4
INSERT INTO TASKS_AUX_SCHEDULER VALUES('scheduler','2022-09-23 11:25:57.438',4)
COMMIT
DELETE FROM TASKS_AUX_WORKERS WHERE ID=0 AND RANGES='0, 1000' AND HEALTH_CHECK='2022-09-23 11:25:57.435000' AND EXCLUSIVE_MODE=0 AND NODE_GROUPS='' AND IS_ACTIVE=1
INSERT INTO TASKS_AUX_WORKERS VALUES(0,'0, 1000','2022-09-23 11:25:57.435000',0,'',1)
COMMIT
DELETE FROM TASKS_AUX_WORKERS WHERE ID=0 AND RANGES='0, 1000' AND HEALTH_CHECK='2022-09-23 11:25:57.435000' AND EXCLUSIVE_MODE=0 AND NODE_GROUPS='' AND IS_ACTIVE=1
INSERT INTO TASKS_AUX_WORKERS VALUES(0,'0, 1000','2022-09-23 11:26:07.455000',0,'',1)
COMMIT
DELETE FROM TASKS_AUX_SCHEDULER WHERE ID='scheduler' AND LAST_ACTIVITY_TS='2022-09-23 11:25:57.438' AND VERSION=4
INSERT INTO TASKS_AUX_SCHEDULER VALUES('scheduler','2022-09-23 11:26:07.456',4)
COMMIT
DELETE FROM TASKS_AUX_WORKERS WHERE ID=0 AND RANGES='0, 1000' AND HEALTH_CHECK='2022-09-23 11:26:07.455000' AND EXCLUSIVE_MODE=0 AND NODE_GROUPS='' AND IS_ACTIVE=1
INSERT INTO TASKS_AUX_WORKERS VALUES(0,'0, 1000','2022-09-23 11:26:07.455000',0,'',1)
COMMIT
DELETE FROM TASKS_AUX_WORKERS WHERE ID=0 AND RANGES='0, 1000' AND HEALTH_CHECK='2022-09-23 11:26:07.455000' AND EXCLUSIVE_MODE=0 AND NODE_GROUPS='' AND IS_ACTIVE=1
INSERT INTO TASKS_AUX_WORKERS VALUES(0,'0, 1000','2022-09-23 11:26:17.472000',0,'',1)
COMMIT
DELETE FROM TASKS_AUX_SCHEDULER WHERE ID='scheduler' AND LAST_ACTIVITY_TS='2022-09-23 11:26:07.456' AND VERSION=4
INSERT INTO TASKS_AUX_SCHEDULER VALUES('scheduler','2022-09-23 11:26:17.473',4)
COMMIT
DELETE FROM TASKS_AUX_WORKERS WHERE ID=0 AND RANGES='0, 1000' AND HEALTH_CHECK='2022-09-23 11:26:17.472000' AND EXCLUSIVE_MODE=0 AND NODE_GROUPS='' AND IS_ACTIVE=1
INSERT INTO TASKS_AUX_WORKERS VALUES(0,'0, 1000','2022-09-23 11:26:17.472000',0,'',1)
COMMIT
DELETE FROM TASKS_AUX_WORKERS WHERE ID=0 AND RANGES='0, 1000' AND HEALTH_CHECK='2022-09-23 11:26:17.472000' AND EXCLUSIVE_MODE=0 AND NODE_GROUPS='' AND IS_ACTIVE=1
INSERT INTO TASKS_AUX_WORKERS VALUES(0,'0, 1000','2022-09-23 11:26:27.479000',0,'',1)
COMMIT
DELETE FROM TASKS_AUX_SCHEDULER WHERE ID='scheduler' AND LAST_ACTIVITY_TS='2022-09-23 11:26:17.473' AND VERSION=4
INSERT INTO TASKS_AUX_SCHEDULER VALUES('scheduler','2022-09-23 11:26:27.480',4)
COMMIT
DELETE FROM TASKS_AUX_WORKERS WHERE ID=0 AND RANGES='0, 1000' AND HEALTH_CHECK='2022-09-23 11:26:27.479000' AND EXCLUSIVE_MODE=0 AND NODE_GROUPS='' AND IS_ACTIVE=1
INSERT INTO TASKS_AUX_WORKERS VALUES(0,'0, 1000','2022-09-23 11:26:27.479000',0,'',1)
COMMIT
DELETE FROM TASKS_AUX_WORKERS WHERE ID=0 AND RANGES='0, 1000' AND HEALTH_CHECK='2022-09-23 11:26:27.479000' AND EXCLUSIVE_MODE=0 AND NODE_GROUPS='' AND IS_ACTIVE=1
INSERT INTO TASKS_AUX_WORKERS VALUES(0,'0, 1000','2022-09-23 11:26:37.496000',0,'',1)
COMMIT
DELETE FROM TASKS_AUX_SCHEDULER WHERE ID='scheduler' AND LAST_ACTIVITY_TS='2022-09-23 11:26:27.480' AND VERSION=4
INSERT INTO TASKS_AUX_SCHEDULER VALUES('scheduler','2022-09-23 11:26:37.497',4)
COMMIT
DELETE FROM TASKS_AUX_WORKERS WHERE ID=0 AND RANGES='0, 1000' AND HEALTH_CHECK='2022-09-23 11:26:37.496000' AND EXCLUSIVE_MODE=0 AND NODE_GROUPS='' AND IS_ACTIVE=1
INSERT INTO TASKS_AUX_WORKERS VALUES(0,'0, 1000','2022-09-23 11:26:37.496000',0,'',1)
COMMIT
DELETE FROM TASKS_AUX_WORKERS WHERE ID=0 AND RANGES='0, 1000' AND HEALTH_CHECK='2022-09-23 11:26:37.496000' AND EXCLUSIVE_MODE=0 AND NODE_GROUPS='' AND IS_ACTIVE=1
INSERT INTO TASKS_AUX_WORKERS VALUES(0,'0, 1000','2022-09-23 11:26:47.513000',0,'',1)
COMMIT
DELETE FROM TASKS_AUX_SCHEDULER WHERE ID='scheduler' AND LAST_ACTIVITY_TS='2022-09-23 11:26:37.497' AND VERSION=4
INSERT INTO TASKS_AUX_SCHEDULER VALUES('scheduler','2022-09-23 11:26:47.515',4)
COMMIT
DELETE FROM TASKS_AUX_WORKERS WHERE ID=0 AND RANGES='0, 1000' AND HEALTH_CHECK='2022-09-23 11:26:47.513000' AND EXCLUSIVE_MODE=0 AND NODE_GROUPS='' AND IS_ACTIVE=1
INSERT INTO TASKS_AUX_WORKERS VALUES(0,'0, 1000','2022-09-23 11:26:47.513000',0,'',1)
COMMIT
DELETE FROM TASKS_AUX_WORKERS WHERE ID=0 AND RANGES='0, 1000' AND HEALTH_CHECK='2022-09-23 11:26:47.513000' AND EXCLUSIVE_MODE=0 AND NODE_GROUPS='' AND IS_ACTIVE=1
INSERT INTO TASKS_AUX_WORKERS VALUES(0,'0, 1000','2022-09-23 11:26:57.527000',0,'',1)
COMMIT
DELETE FROM TASKS_AUX_SCHEDULER WHERE ID='scheduler' AND LAST_ACTIVITY_TS='2022-09-23 11:26:47.515' AND VERSION=4
INSERT INTO TASKS_AUX_SCHEDULER VALUES('scheduler','2022-09-23 11:26:57.527',4)
COMMIT
DELETE FROM TASKS_AUX_WORKERS WHERE ID=0 AND RANGES='0, 1000' AND HEALTH_CHECK='2022-09-23 11:26:57.527000' AND EXCLUSIVE_MODE=0 AND NODE_GROUPS='' AND IS_ACTIVE=1
INSERT INTO TASKS_AUX_WORKERS VALUES(0,'0, 1000','2022-09-23 11:26:57.527000',0,'',1)
COMMIT
DELETE FROM TASKS_AUX_WORKERS WHERE ID=0 AND RANGES='0, 1000' AND HEALTH_CHECK='2022-09-23 11:26:57.527000' AND EXCLUSIVE_MODE=0 AND NODE_GROUPS='' AND IS_ACTIVE=1
INSERT INTO TASKS_AUX_WORKERS VALUES(0,'0, 1000','2022-09-23 11:27:07.544000',0,'',1)
COMMIT
DELETE FROM TASKS_AUX_SCHEDULER WHERE ID='scheduler' AND LAST_ACTIVITY_TS='2022-09-23 11:26:57.527' AND VERSION=4
INSERT INTO TASKS_AUX_SCHEDULER VALUES('scheduler','2022-09-23 11:27:07.544',4)
COMMIT
DELETE FROM TASKS_AUX_WORKERS WHERE ID=0 AND RANGES='0, 1000' AND HEALTH_CHECK='2022-09-23 11:27:07.544000' AND EXCLUSIVE_MODE=0 AND NODE_GROUPS='' AND IS_ACTIVE=1
INSERT INTO TASKS_AUX_WORKERS VALUES(0,'0, 1000','2022-09-23 11:27:07.544000',0,'',1)
COMMIT
DELETE FROM TASKS_AUX_WORKERS WHERE ID=0 AND RANGES='0, 1000' AND HEALTH_CHECK='2022-09-23 11:27:07.544000' AND EXCLUSIVE_MODE=0 AND NODE_GROUPS='' AND IS_ACTIVE=1
INSERT INTO TASKS_AUX_WORKERS VALUES(0,'0, 1000','2022-09-23 11:27:17.562000',0,'',1)
COMMIT
DELETE FROM TASKS_AUX_SCHEDULER WHERE ID='scheduler' AND LAST_ACTIVITY_TS='2022-09-23 11:27:07.544' AND VERSION=4
INSERT INTO TASKS_AUX_SCHEDULER VALUES('scheduler','2022-09-23 11:27:17.562',4)
COMMIT
DELETE FROM TASKS_AUX_WORKERS WHERE ID=0 AND RANGES='0, 1000' AND HEALTH_CHECK='2022-09-23 11:27:17.562000' AND EXCLUSIVE_MODE=0 AND NODE_GROUPS='' AND IS_ACTIVE=1
INSERT INTO TASKS_AUX_WORKERS VALUES(0,'0, 1000','2022-09-23 11:27:17.562000',0,'',1)
COMMIT
DELETE FROM TASKS_AUX_WORKERS WHERE ID=0 AND RANGES='0, 1000' AND HEALTH_CHECK='2022-09-23 11:27:17.562000' AND EXCLUSIVE_MODE=0 AND NODE_GROUPS='' AND IS_ACTIVE=1
INSERT INTO TASKS_AUX_WORKERS VALUES(0,'0, 1000','2022-09-23 11:27:27.573000',0,'',1)
COMMIT
DELETE FROM TASKS_AUX_SCHEDULER WHERE ID='scheduler' AND LAST_ACTIVITY_TS='2022-09-23 11:27:17.562' AND VERSION=4
INSERT INTO TASKS_AUX_SCHEDULER VALUES('scheduler','2022-09-23 11:27:27.574',4)
COMMIT
DELETE FROM TASKS_AUX_WORKERS WHERE ID=0 AND RANGES='0, 1000' AND HEALTH_CHECK='2022-09-23 11:27:27.573000' AND EXCLUSIVE_MODE=0 AND NODE_GROUPS='' AND IS_ACTIVE=1
INSERT INTO TASKS_AUX_WORKERS VALUES(0,'0, 1000','2022-09-23 11:27:27.573000',0,'',1)
COMMIT
DELETE FROM TASKS_AUX_WORKERS WHERE ID=0 AND RANGES='0, 1000' AND HEALTH_CHECK='2022-09-23 11:27:27.573000' AND EXCLUSIVE_MODE=0 AND NODE_GROUPS='' AND IS_ACTIVE=1
INSERT INTO TASKS_AUX_WORKERS VALUES(0,'0, 1000','2022-09-23 11:27:37.589000',0,'',1)
COMMIT
DELETE FROM TASKS_AUX_SCHEDULER WHERE ID='scheduler' AND LAST_ACTIVITY_TS='2022-09-23 11:27:27.574' AND VERSION=4
INSERT INTO TASKS_AUX_SCHEDULER VALUES('scheduler','2022-09-23 11:27:37.590',4)
COMMIT
DELETE FROM TASKS_AUX_WORKERS WHERE ID=0 AND RANGES='0, 1000' AND HEALTH_CHECK='2022-09-23 11:27:37.589000' AND EXCLUSIVE_MODE=0 AND NODE_GROUPS='' AND IS_ACTIVE=1
INSERT INTO TASKS_AUX_WORKERS VALUES(0,'0, 1000','2022-09-23 11:27:37.589000',0,'',1)
COMMIT
DELETE FROM TASKS_AUX_WORKERS WHERE ID=0 AND RANGES='0, 1000' AND HEALTH_CHECK='2022-09-23 11:27:37.589000' AND EXCLUSIVE_MODE=0 AND NODE_GROUPS='' AND IS_ACTIVE=1
INSERT INTO TASKS_AUX_WORKERS VALUES(0,'0, 1000','2022-09-23 11:27:47.603000',0,'',1)
COMMIT
DELETE FROM TASKS_AUX_SCHEDULER WHERE ID='scheduler' AND LAST_ACTIVITY_TS='2022-09-23 11:27:37.590' AND VERSION=4
INSERT INTO TASKS_AUX_SCHEDULER VALUES('scheduler','2022-09-23 11:27:47.604',4)
COMMIT
DELETE FROM TASKS_AUX_WORKERS WHERE ID=0 AND RANGES='0, 1000' AND HEALTH_CHECK='2022-09-23 11:27:47.603000' AND EXCLUSIVE_MODE=0 AND NODE_GROUPS='' AND IS_ACTIVE=1
INSERT INTO TASKS_AUX_WORKERS VALUES(0,'0, 1000','2022-09-23 11:27:47.603000',0,'',1)
COMMIT
/*C2*/SET SCHEMA PUBLIC
DISCONNECT
/*C3*/DELETE FROM TASKS_AUX_WORKERS WHERE ID=0 AND RANGES='0, 1000' AND HEALTH_CHECK='2022-09-23 11:27:47.603000' AND EXCLUSIVE_MODE=0 AND NODE_GROUPS='' AND IS_ACTIVE=1
INSERT INTO TASKS_AUX_WORKERS VALUES(0,'0, 1000','2022-09-23 11:27:57.616000',0,'',1)
COMMIT
DELETE FROM TASKS_AUX_SCHEDULER WHERE ID='scheduler' AND LAST_ACTIVITY_TS='2022-09-23 11:27:47.604' AND VERSION=4
INSERT INTO TASKS_AUX_SCHEDULER VALUES('scheduler','2022-09-23 11:27:57.617',4)
COMMIT
DELETE FROM TASKS_AUX_WORKERS WHERE ID=0 AND RANGES='0, 1000' AND HEALTH_CHECK='2022-09-23 11:27:57.616000' AND EXCLUSIVE_MODE=0 AND NODE_GROUPS='' AND IS_ACTIVE=1
INSERT INTO TASKS_AUX_WORKERS VALUES(0,'0, 1000','2022-09-23 11:27:57.616000',0,'',1)
COMMIT
/*C4*/SET SCHEMA PUBLIC
DISCONNECT
/*C11*/SET SCHEMA PUBLIC
DISCONNECT
/*C7*/SET SCHEMA PUBLIC
DISCONNECT
/*C10*/SET SCHEMA PUBLIC
DISCONNECT
/*C9*/SET SCHEMA PUBLIC
DISCONNECT
/*C8*/SET SCHEMA PUBLIC
DISCONNECT
/*C6*/SET SCHEMA PUBLIC
DISCONNECT
/*C12*/SET SCHEMA PUBLIC
DISCONNECT
/*C13*/SET SCHEMA PUBLIC
DISCONNECT
/*C24*/SET SCHEMA PUBLIC
DELETE FROM TASKS_AUX_WORKERS WHERE ID=0 AND RANGES='0, 1000' AND HEALTH_CHECK='2022-09-23 11:27:57.616000' AND EXCLUSIVE_MODE=0 AND NODE_GROUPS='' AND IS_ACTIVE=1
INSERT INTO TASKS_AUX_WORKERS VALUES(0,'0, 1000','2022-09-23 11:28:07.633000',0,'',1)
COMMIT
DELETE FROM TASKS_AUX_SCHEDULER WHERE ID='scheduler' AND LAST_ACTIVITY_TS='2022-09-23 11:27:57.617' AND VERSION=4
INSERT INTO TASKS_AUX_SCHEDULER VALUES('scheduler','2022-09-23 11:28:07.634',4)
COMMIT
DELETE FROM TASKS_AUX_WORKERS WHERE ID=0 AND RANGES='0, 1000' AND HEALTH_CHECK='2022-09-23 11:28:07.633000' AND EXCLUSIVE_MODE=0 AND NODE_GROUPS='' AND IS_ACTIVE=1
INSERT INTO TASKS_AUX_WORKERS VALUES(0,'0, 1000','2022-09-23 11:28:07.633000',0,'',1)
COMMIT
/*C21*/SET SCHEMA PUBLIC
DISCONNECT
/*C20*/SET SCHEMA PUBLIC
DISCONNECT
/*C17*/SET SCHEMA PUBLIC
DISCONNECT
/*C5*/SET SCHEMA PUBLIC
DISCONNECT
/*C15*/SET SCHEMA PUBLIC
DISCONNECT
/*C22*/SET SCHEMA PUBLIC
DISCONNECT
/*C16*/SET SCHEMA PUBLIC
DISCONNECT
/*C19*/SET SCHEMA PUBLIC
DISCONNECT
/*C18*/SET SCHEMA PUBLIC
DISCONNECT
/*C23*/SET SCHEMA PUBLIC
DISCONNECT
/*C24*/DELETE FROM TASKS_AUX_WORKERS WHERE ID=0 AND RANGES='0, 1000' AND HEALTH_CHECK='2022-09-23 11:28:07.633000' AND EXCLUSIVE_MODE=0 AND NODE_GROUPS='' AND IS_ACTIVE=1
INSERT INTO TASKS_AUX_WORKERS VALUES(0,'0, 1000','2022-09-23 11:28:17.647000',0,'',1)
COMMIT
DELETE FROM TASKS_AUX_SCHEDULER WHERE ID='scheduler' AND LAST_ACTIVITY_TS='2022-09-23 11:28:07.634' AND VERSION=4
INSERT INTO TASKS_AUX_SCHEDULER VALUES('scheduler','2022-09-23 11:28:17.648',4)
COMMIT
DELETE FROM TASKS_AUX_WORKERS WHERE ID=0 AND RANGES='0, 1000' AND HEALTH_CHECK='2022-09-23 11:28:17.647000' AND EXCLUSIVE_MODE=0 AND NODE_GROUPS='' AND IS_ACTIVE=1
INSERT INTO TASKS_AUX_WORKERS VALUES(0,'0, 1000','2022-09-23 11:28:17.647000',0,'',1)
COMMIT
DELETE FROM TASKS_AUX_WORKERS WHERE ID=0 AND RANGES='0, 1000' AND HEALTH_CHECK='2022-09-23 11:28:17.647000' AND EXCLUSIVE_MODE=0 AND NODE_GROUPS='' AND IS_ACTIVE=1
INSERT INTO TASKS_AUX_WORKERS VALUES(0,'0, 1000','2022-09-23 11:28:27.659000',0,'',1)
COMMIT
DELETE FROM TASKS_AUX_SCHEDULER WHERE ID='scheduler' AND LAST_ACTIVITY_TS='2022-09-23 11:28:17.648' AND VERSION=4
INSERT INTO TASKS_AUX_SCHEDULER VALUES('scheduler','2022-09-23 11:28:27.660',4)
COMMIT
DELETE FROM TASKS_AUX_WORKERS WHERE ID=0 AND RANGES='0, 1000' AND HEALTH_CHECK='2022-09-23 11:28:27.659000' AND EXCLUSIVE_MODE=0 AND NODE_GROUPS='' AND IS_ACTIVE=1
INSERT INTO TASKS_AUX_WORKERS VALUES(0,'0, 1000','2022-09-23 11:28:27.659000',0,'',1)
COMMIT
DELETE FROM TASKS_AUX_WORKERS WHERE ID=0 AND RANGES='0, 1000' AND HEALTH_CHECK='2022-09-23 11:28:27.659000' AND EXCLUSIVE_MODE=0 AND NODE_GROUPS='' AND IS_ACTIVE=1
INSERT INTO TASKS_AUX_WORKERS VALUES(0,'0, 1000','2022-09-23 11:28:37.666000',0,'',1)
COMMIT
DELETE FROM TASKS_AUX_SCHEDULER WHERE ID='scheduler' AND LAST_ACTIVITY_TS='2022-09-23 11:28:27.660' AND VERSION=4
INSERT INTO TASKS_AUX_SCHEDULER VALUES('scheduler','2022-09-23 11:28:37.667',4)
COMMIT
DELETE FROM TASKS_AUX_WORKERS WHERE ID=0 AND RANGES='0, 1000' AND HEALTH_CHECK='2022-09-23 11:28:37.666000' AND EXCLUSIVE_MODE=0 AND NODE_GROUPS='' AND IS_ACTIVE=1
INSERT INTO TASKS_AUX_WORKERS VALUES(0,'0, 1000','2022-09-23 11:28:37.666000',0,'',1)
COMMIT
DELETE FROM TASKS_AUX_WORKERS WHERE ID=0 AND RANGES='0, 1000' AND HEALTH_CHECK='2022-09-23 11:28:37.666000' AND EXCLUSIVE_MODE=0 AND NODE_GROUPS='' AND IS_ACTIVE=1
INSERT INTO TASKS_AUX_WORKERS VALUES(0,'0, 1000','2022-09-23 11:28:47.681000',0,'',1)
COMMIT
DELETE FROM TASKS_AUX_SCHEDULER WHERE ID='scheduler' AND LAST_ACTIVITY_TS='2022-09-23 11:28:37.667' AND VERSION=4
INSERT INTO TASKS_AUX_SCHEDULER VALUES('scheduler','2022-09-23 11:28:47.682',4)
COMMIT
DELETE FROM TASKS_AUX_WORKERS WHERE ID=0 AND RANGES='0, 1000' AND HEALTH_CHECK='2022-09-23 11:28:47.681000' AND EXCLUSIVE_MODE=0 AND NODE_GROUPS='' AND IS_ACTIVE=1
INSERT INTO TASKS_AUX_WORKERS VALUES(0,'0, 1000','2022-09-23 11:28:47.681000',0,'',1)
COMMIT
